\BOOKMARK [1][]{section.1}{Introduction To Organisation}{}% 1
\BOOKMARK [2][]{subsection.1.1}{TESTING AND CONSULTANCY CELL}{section.1}% 2
\BOOKMARK [1][]{section.2}{Latex}{}% 3
\BOOKMARK [2][]{subsection.2.1}{Introduction to LaTeX}{section.2}% 4
\BOOKMARK [2][]{subsection.2.2}{Typesetting}{section.2}% 5
\BOOKMARK [1][]{section.3}{Project Preview}{}% 6
\BOOKMARK [2][]{subsection.3.1}{The Existing System}{section.3}% 7
\BOOKMARK [2][]{subsection.3.2}{Software Functions Provided in Proposed system}{section.3}% 8
\BOOKMARK [1][]{section.4}{My Project}{}% 9
\BOOKMARK [2][]{subsection.4.1}{Introduction to Automation}{section.4}% 10
\BOOKMARK [2][]{subsection.4.2}{Enterprise Resource Planing}{section.4}% 11
\BOOKMARK [2][]{subsection.4.3}{Product Definition}{section.4}% 12
\BOOKMARK [2][]{subsection.4.4}{Software Requirement Analysis}{section.4}% 13
\BOOKMARK [2][]{subsection.4.5}{Introduction to Django}{section.4}% 14
\BOOKMARK [2][]{subsection.4.6}{Introduction to Python}{section.4}% 15
\BOOKMARK [2][]{subsection.4.7}{MySQL Database Server}{section.4}% 16
\BOOKMARK [2][]{subsection.4.8}{Debconf}{section.4}% 17
\BOOKMARK [2][]{subsection.4.9}{Apache Web Server}{section.4}% 18
\BOOKMARK [2][]{subsection.4.10}{Doxygen}{section.4}% 19
\BOOKMARK [2][]{subsection.4.11}{Shell Scripting}{section.4}% 20
\BOOKMARK [2][]{subsection.4.12}{Design}{section.4}% 21
\BOOKMARK [2][]{subsection.4.13}{Introduction to TCC Automation Software}{section.4}% 22
\BOOKMARK [2][]{subsection.4.14}{Modules of the Software}{section.4}% 23
\BOOKMARK [2][]{subsection.4.15}{Automation Sofware in Detail}{section.4}% 24
\BOOKMARK [2][]{subsection.4.16}{Testing}{section.4}% 25
\BOOKMARK [2][]{subsection.4.17}{Implementation}{section.4}% 26
\BOOKMARK [2][]{subsection.4.18}{Post-Implementation and Software Maintenance}{section.4}% 27
\BOOKMARK [1][]{section.5}{My Others Work}{}% 28
\BOOKMARK [2][]{subsection.5.1}{IGS Ludhiana Website}{section.5}% 29
\BOOKMARK [2][]{subsection.5.2}{Operating UDF Disks}{section.5}% 30
\BOOKMARK [1][]{section.6}{Project legacy}{}% 31
\BOOKMARK [2][]{subsection.6.1}{Technical and Managerial Lesson Learnt}{section.6}% 32
\BOOKMARK [2][]{subsection.6.2}{Current status}{section.6}% 33
\BOOKMARK [2][]{subsection.6.3}{Future Scope}{section.6}% 34
\BOOKMARK [1][]{section.7}{Bibliography}{}% 35
